[29-Feb-2024 13:45:00] NOTICE: fpm is running, pid 3001
[29-Feb-2024 13:45:00] NOTICE: ready to handle connections
[29-Feb-2024 13:47:03] NOTICE: Terminating ...
[29-Feb-2024 13:47:03] NOTICE: Terminating ...
[29-Feb-2024 13:47:03] NOTICE: exiting, bye-bye!
[29-Feb-2024 18:31:33] NOTICE: fpm is running, pid 4253
[29-Feb-2024 18:31:33] NOTICE: ready to handle connections
[01-Mar-2024 00:58:57] NOTICE: Terminating ...
[01-Mar-2024 00:58:57] NOTICE: Terminating ...
[01-Mar-2024 00:58:57] NOTICE: exiting, bye-bye!
[02-Mar-2024 19:32:30] NOTICE: fpm is running, pid 10466
[02-Mar-2024 19:32:30] NOTICE: ready to handle connections
[02-Mar-2024 23:49:00] NOTICE: Terminating ...
[02-Mar-2024 23:49:00] NOTICE: Terminating ...
[02-Mar-2024 23:49:00] NOTICE: exiting, bye-bye!
[03-Mar-2024 17:10:58] NOTICE: fpm is running, pid 25254
[03-Mar-2024 17:10:58] NOTICE: ready to handle connections
[05-Mar-2024 16:06:24] NOTICE: Terminating ...
[05-Mar-2024 16:06:24] NOTICE: Terminating ...
[05-Mar-2024 16:06:24] NOTICE: exiting, bye-bye!
[21-Mar-2024 14:48:48] NOTICE: fpm is running, pid 41681
[21-Mar-2024 14:48:48] NOTICE: ready to handle connections
[21-Mar-2024 17:55:23] NOTICE: Terminating ...
[21-Mar-2024 17:55:23] NOTICE: Terminating ...
[21-Mar-2024 17:55:23] NOTICE: exiting, bye-bye!
[05-Apr-2024 15:17:05] NOTICE: fpm is running, pid 37851
[05-Apr-2024 15:17:05] NOTICE: ready to handle connections
[07-Apr-2024 00:10:42] NOTICE: Terminating ...
[07-Apr-2024 00:10:42] NOTICE: Terminating ...
[07-Apr-2024 00:10:42] NOTICE: exiting, bye-bye!
[10-Apr-2024 14:19:14] NOTICE: fpm is running, pid 13669
[10-Apr-2024 14:19:14] NOTICE: ready to handle connections
[10-Apr-2024 15:34:34] NOTICE: Terminating ...
[10-Apr-2024 15:34:34] NOTICE: Terminating ...
[10-Apr-2024 15:34:34] NOTICE: exiting, bye-bye!
[16-Apr-2024 14:43:27] NOTICE: fpm is running, pid 68349
[16-Apr-2024 14:43:27] NOTICE: ready to handle connections
[17-Apr-2024 00:56:51] NOTICE: Terminating ...
[17-Apr-2024 00:56:51] NOTICE: Terminating ...
[17-Apr-2024 00:56:51] NOTICE: exiting, bye-bye!
[19-Apr-2024 15:18:22] NOTICE: fpm is running, pid 46977
[19-Apr-2024 15:18:22] NOTICE: ready to handle connections
[21-Apr-2024 00:42:20] NOTICE: Terminating ...
[21-Apr-2024 00:42:20] NOTICE: Terminating ...
[21-Apr-2024 00:42:20] NOTICE: exiting, bye-bye!
[22-Apr-2024 12:40:38] NOTICE: fpm is running, pid 73493
[22-Apr-2024 12:40:38] NOTICE: ready to handle connections
[22-Apr-2024 13:04:00] NOTICE: fpm is running, pid 73950
[22-Apr-2024 13:04:00] NOTICE: ready to handle connections
[22-Apr-2024 13:04:07] NOTICE: Terminating ...
[22-Apr-2024 13:04:07] NOTICE: Terminating ...
[22-Apr-2024 13:04:07] NOTICE: exiting, bye-bye!
[22-Apr-2024 13:04:09] NOTICE: fpm is running, pid 74076
[22-Apr-2024 13:04:09] NOTICE: ready to handle connections
[24-Apr-2024 14:16:12] NOTICE: Terminating ...
[24-Apr-2024 14:16:12] NOTICE: Terminating ...
[24-Apr-2024 14:16:12] NOTICE: exiting, bye-bye!
[27-Apr-2024 08:45:59] NOTICE: fpm is running, pid 26582
[27-Apr-2024 08:45:59] NOTICE: ready to handle connections
[28-Apr-2024 00:27:00] NOTICE: Terminating ...
[28-Apr-2024 00:27:00] NOTICE: Terminating ...
[28-Apr-2024 00:27:00] NOTICE: exiting, bye-bye!
[29-Apr-2024 12:36:50] NOTICE: fpm is running, pid 37167
[29-Apr-2024 12:36:50] NOTICE: ready to handle connections
[29-Apr-2024 15:55:56] NOTICE: Terminating ...
[29-Apr-2024 15:55:56] NOTICE: Terminating ...
[29-Apr-2024 15:55:56] NOTICE: exiting, bye-bye!
