[03-Mar-2024 04:02:16 UTC] PHP Parse error:  syntax error, unexpected token "}", expecting "," or ";" in /Users/mattkim/Local Sites/fictional-university/app/public/wp-content/themes/fictional-university-theme/index.php on line 6
[03-Mar-2024 04:30:27 UTC] PHP Parse error:  syntax error, unexpected token "++" in /Users/mattkim/Local Sites/fictional-university/app/public/wp-content/themes/fictional-university-theme/index.php on line 6
[04-Mar-2024 01:25:13 UTC] PHP Warning:  Undefined variable $names in /Users/mattkim/Local Sites/fictional-university/app/public/wp-content/themes/fictional-university-theme/index.php on line 8
[04-Mar-2024 01:25:13 UTC] PHP Warning:  Trying to access array offset on value of type null in /Users/mattkim/Local Sites/fictional-university/app/public/wp-content/themes/fictional-university-theme/index.php on line 8
[04-Mar-2024 01:26:03 UTC] PHP Warning:  Undefined variable $names in /Users/mattkim/Local Sites/fictional-university/app/public/wp-content/themes/fictional-university-theme/index.php on line 8
[04-Mar-2024 01:26:03 UTC] PHP Warning:  Trying to access array offset on value of type null in /Users/mattkim/Local Sites/fictional-university/app/public/wp-content/themes/fictional-university-theme/index.php on line 8
[04-Mar-2024 01:26:09 UTC] PHP Warning:  Undefined variable $names in /Users/mattkim/Local Sites/fictional-university/app/public/wp-content/themes/fictional-university-theme/index.php on line 8
[04-Mar-2024 01:26:09 UTC] PHP Warning:  Trying to access array offset on value of type null in /Users/mattkim/Local Sites/fictional-university/app/public/wp-content/themes/fictional-university-theme/index.php on line 8
[04-Mar-2024 01:26:11 UTC] PHP Warning:  Undefined variable $names in /Users/mattkim/Local Sites/fictional-university/app/public/wp-content/themes/fictional-university-theme/index.php on line 8
[04-Mar-2024 01:26:11 UTC] PHP Warning:  Trying to access array offset on value of type null in /Users/mattkim/Local Sites/fictional-university/app/public/wp-content/themes/fictional-university-theme/index.php on line 8
[04-Mar-2024 22:25:17 UTC] PHP Fatal error:  Uncaught ArgumentCountError: get_headers() expects at least 1 argument, 0 given in /Users/mattkim/Local Sites/fictional-university/app/public/wp-content/themes/fictional-university-theme/index.php:1
Stack trace:
#0 /Users/mattkim/Local Sites/fictional-university/app/public/wp-content/themes/fictional-university-theme/index.php(1): get_headers()
#1 /Users/mattkim/Local Sites/fictional-university/app/public/wp-includes/template-loader.php(106): include('/Users/mattkim/...')
#2 /Users/mattkim/Local Sites/fictional-university/app/public/wp-blog-header.php(19): require_once('/Users/mattkim/...')
#3 /Users/mattkim/Local Sites/fictional-university/app/public/index.php(17): require('/Users/mattkim/...')
#4 {main}
  thrown in /Users/mattkim/Local Sites/fictional-university/app/public/wp-content/themes/fictional-university-theme/index.php on line 1
[22-Mar-2024 00:48:17 UTC] PHP Fatal error:  Uncaught Error: Call to undefined function get_head() in /Users/mattkim/Local Sites/fictional-university/app/public/wp-content/themes/fictional-university-theme/page.php:1
Stack trace:
#0 /Users/mattkim/Local Sites/fictional-university/app/public/wp-includes/template-loader.php(106): include()
#1 /Users/mattkim/Local Sites/fictional-university/app/public/wp-blog-header.php(19): require_once('/Users/mattkim/...')
#2 /Users/mattkim/Local Sites/fictional-university/app/public/index.php(17): require('/Users/mattkim/...')
#3 {main}
  thrown in /Users/mattkim/Local Sites/fictional-university/app/public/wp-content/themes/fictional-university-theme/page.php on line 1
[17-Apr-2024 06:02:18 UTC] PHP Parse error:  syntax error, unexpected token ";", expecting ")" in /Users/mattkim/Local Sites/fictional-university/app/public/wp-content/themes/fictional-university-theme/page.php on line 38
[19-Apr-2024 23:28:56 UTC] PHP Warning:  Undefined variable $testArrays in /Users/mattkim/Local Sites/fictional-university/app/public/wp-content/themes/fictional-university-theme/page.php on line 36
[19-Apr-2024 23:29:02 UTC] PHP Warning:  Undefined variable $testArrays in /Users/mattkim/Local Sites/fictional-university/app/public/wp-content/themes/fictional-university-theme/page.php on line 28
[19-Apr-2024 23:29:07 UTC] PHP Warning:  Undefined variable $testArrays in /Users/mattkim/Local Sites/fictional-university/app/public/wp-content/themes/fictional-university-theme/page.php on line 36
[19-Apr-2024 23:29:30 UTC] PHP Warning:  Undefined variable $testArrays in /Users/mattkim/Local Sites/fictional-university/app/public/wp-content/themes/fictional-university-theme/page.php on line 36
[22-Apr-2024 19:41:49 UTC] PHP Warning:  Attempt to read property "title" on null in /Users/mattkim/Local Sites/fictional-university/app/public/wp-includes/class-wp-customize-widgets.php on line 905
[22-Apr-2024 20:19:20 UTC] PHP Parse error:  syntax error, unexpected token "=", expecting ")" in /Users/mattkim/Local Sites/team-tech/app/public/wp-content/mu-plugins/post-types.php on line 6
[22-Apr-2024 20:19:28 UTC] PHP Parse error:  syntax error, unexpected token "=", expecting ")" in /Users/mattkim/Local Sites/team-tech/app/public/wp-content/mu-plugins/post-types.php on line 6
[22-Apr-2024 20:19:28 UTC] PHP Parse error:  syntax error, unexpected token "=", expecting ")" in /Users/mattkim/Local Sites/team-tech/app/public/wp-content/mu-plugins/post-types.php on line 6
[22-Apr-2024 20:19:51 UTC] PHP Parse error:  syntax error, unexpected token "=", expecting ")" in /Users/mattkim/Local Sites/team-tech/app/public/wp-content/mu-plugins/post-types.php on line 6
[22-Apr-2024 20:19:51 UTC] PHP Parse error:  syntax error, unexpected token "=", expecting ")" in /Users/mattkim/Local Sites/team-tech/app/public/wp-content/mu-plugins/post-types.php on line 6
[22-Apr-2024 20:20:50 UTC] PHP Parse error:  syntax error, unexpected token "=", expecting ")" in /Users/mattkim/Local Sites/team-tech/app/public/wp-content/mu-plugins/post-types.php on line 6
[22-Apr-2024 20:24:17 UTC] PHP Parse error:  syntax error, unexpected single-quoted string "edit_item", expecting ")" in /Users/mattkim/Local Sites/team-tech/app/public/wp-content/mu-plugins/post-types.php on line 8
[22-Apr-2024 22:19:47 UTC] PHP Warning:  An unexpected error occurred. Something may be wrong with WordPress.org or this server&#8217;s configuration. If you continue to have problems, please try the <a href="https://wordpress.org/support/forums/">support forums</a>. (WordPress could not establish a secure connection to WordPress.org. Please contact your server administrator.) in /Users/mattkim/Local Sites/team-tech/app/public/wp-includes/update.php on line 211
[23-Apr-2024 18:41:24 UTC] PHP Fatal error:  Cannot redeclare post_types() (previously declared in /Users/mattkim/Local Sites/team-tech/app/public/wp-content/mu-plugins/post-types.php:3) in /Users/mattkim/Local Sites/team-tech/app/public/wp-content/mu-plugins/post-types.php on line 19
[23-Apr-2024 18:43:24 UTC] PHP Fatal error:  Cannot redeclare post_types() (previously declared in /Users/mattkim/Local Sites/team-tech/app/public/wp-content/mu-plugins/post-types.php:3) in /Users/mattkim/Local Sites/team-tech/app/public/wp-content/mu-plugins/post-types.php on line 19
[23-Apr-2024 18:44:27 UTC] PHP Fatal error:  Cannot redeclare post_types() (previously declared in /Users/mattkim/Local Sites/team-tech/app/public/wp-content/mu-plugins/post-types.php:3) in /Users/mattkim/Local Sites/team-tech/app/public/wp-content/mu-plugins/post-types.php on line 19
[23-Apr-2024 18:44:27 UTC] PHP Fatal error:  Cannot redeclare post_types() (previously declared in /Users/mattkim/Local Sites/team-tech/app/public/wp-content/mu-plugins/post-types.php:3) in /Users/mattkim/Local Sites/team-tech/app/public/wp-content/mu-plugins/post-types.php on line 19
[23-Apr-2024 18:44:28 UTC] PHP Fatal error:  Cannot redeclare post_types() (previously declared in /Users/mattkim/Local Sites/team-tech/app/public/wp-content/mu-plugins/post-types.php:3) in /Users/mattkim/Local Sites/team-tech/app/public/wp-content/mu-plugins/post-types.php on line 19
[23-Apr-2024 18:46:20 UTC] PHP Fatal error:  Cannot redeclare post_types() (previously declared in /Users/mattkim/Local Sites/team-tech/app/public/wp-content/mu-plugins/post-types.php:4) in /Users/mattkim/Local Sites/team-tech/app/public/wp-content/mu-plugins/post-types.php on line 46
[23-Apr-2024 18:46:21 UTC] PHP Fatal error:  Cannot redeclare post_types() (previously declared in /Users/mattkim/Local Sites/team-tech/app/public/wp-content/mu-plugins/post-types.php:4) in /Users/mattkim/Local Sites/team-tech/app/public/wp-content/mu-plugins/post-types.php on line 46
[23-Apr-2024 18:46:21 UTC] PHP Fatal error:  Cannot redeclare post_types() (previously declared in /Users/mattkim/Local Sites/team-tech/app/public/wp-content/mu-plugins/post-types.php:4) in /Users/mattkim/Local Sites/team-tech/app/public/wp-content/mu-plugins/post-types.php on line 46
[23-Apr-2024 18:46:21 UTC] PHP Fatal error:  Cannot redeclare post_types() (previously declared in /Users/mattkim/Local Sites/team-tech/app/public/wp-content/mu-plugins/post-types.php:4) in /Users/mattkim/Local Sites/team-tech/app/public/wp-content/mu-plugins/post-types.php on line 46
[23-Apr-2024 20:02:33 UTC] PHP Warning:  Attempt to read property "title" on null in /Users/mattkim/Local Sites/team-tech/app/public/wp-includes/class-wp-customize-widgets.php on line 905
[23-Apr-2024 20:02:56 UTC] PHP Warning:  Attempt to read property "title" on null in /Users/mattkim/Local Sites/team-tech/app/public/wp-includes/class-wp-customize-widgets.php on line 905
[23-Apr-2024 20:06:56 UTC] PHP Warning:  Attempt to read property "title" on null in /Users/mattkim/Local Sites/team-tech/app/public/wp-includes/class-wp-customize-widgets.php on line 905
[06-May-2024 21:30:51 UTC] PHP Warning:  include_once(/Users/mattkim/Local Sites/team-tech/app/public/wp-content/plugins/wp-super-cache/wp-cache-phase1.php): Failed to open stream: No such file or directory in /Users/mattkim/Local Sites/teamtech-2024-website/app/public/wp-content/advanced-cache.php on line 22
[06-May-2024 21:30:51 UTC] PHP Warning:  include_once(): Failed opening '/Users/mattkim/Local Sites/team-tech/app/public/wp-content/plugins/wp-super-cache/wp-cache-phase1.php' for inclusion (include_path='.:/usr/share/php:/www/wp-content/pear') in /Users/mattkim/Local Sites/teamtech-2024-website/app/public/wp-content/advanced-cache.php on line 22
[06-May-2024 21:30:52 UTC] PHP Warning:  include(/Users/mattkim/Local Sites/team-tech/app/public/wp-content/plugins/wp-super-cache/wp-cache-base.php): Failed to open stream: No such file or directory in /Users/mattkim/Local Sites/teamtech-2024-website/app/public/wp-content/plugins/wp-super-cache/wp-cache.php on line 136
[06-May-2024 21:30:52 UTC] PHP Warning:  include(): Failed opening '/Users/mattkim/Local Sites/team-tech/app/public/wp-content/plugins/wp-super-cache/wp-cache-base.php' for inclusion (include_path='.:/usr/share/php:/www/wp-content/pear') in /Users/mattkim/Local Sites/teamtech-2024-website/app/public/wp-content/plugins/wp-super-cache/wp-cache.php on line 136
[06-May-2024 21:30:52 UTC] PHP Warning:  include_once(/Users/mattkim/Local Sites/team-tech/app/public/wp-content/plugins/wp-super-cache/ossdl-cdn.php): Failed to open stream: No such file or directory in /Users/mattkim/Local Sites/teamtech-2024-website/app/public/wp-content/plugins/wp-super-cache/wp-cache.php on line 173
[06-May-2024 21:30:52 UTC] PHP Warning:  include_once(): Failed opening '/Users/mattkim/Local Sites/team-tech/app/public/wp-content/plugins/wp-super-cache/ossdl-cdn.php' for inclusion (include_path='.:/usr/share/php:/www/wp-content/pear') in /Users/mattkim/Local Sites/teamtech-2024-website/app/public/wp-content/plugins/wp-super-cache/wp-cache.php on line 173
[06-May-2024 21:30:52 UTC] PHP Warning:  include_once(/Users/mattkim/Local Sites/team-tech/app/public/wp-content/plugins/wp-super-cache/wp-cache-phase1.php): Failed to open stream: No such file or directory in /Users/mattkim/Local Sites/teamtech-2024-website/app/public/wp-content/advanced-cache.php on line 22
[06-May-2024 21:30:52 UTC] PHP Warning:  include_once(): Failed opening '/Users/mattkim/Local Sites/team-tech/app/public/wp-content/plugins/wp-super-cache/wp-cache-phase1.php' for inclusion (include_path='.:/usr/share/php:/www/wp-content/pear') in /Users/mattkim/Local Sites/teamtech-2024-website/app/public/wp-content/advanced-cache.php on line 22
[06-May-2024 21:30:52 UTC] PHP Warning:  include_once(/Users/mattkim/Local Sites/team-tech/app/public/wp-content/plugins/wp-super-cache/wp-cache-phase1.php): Failed to open stream: No such file or directory in /Users/mattkim/Local Sites/teamtech-2024-website/app/public/wp-content/advanced-cache.php on line 22
[06-May-2024 21:30:52 UTC] PHP Warning:  include_once(): Failed opening '/Users/mattkim/Local Sites/team-tech/app/public/wp-content/plugins/wp-super-cache/wp-cache-phase1.php' for inclusion (include_path='.:/usr/share/php:/www/wp-content/pear') in /Users/mattkim/Local Sites/teamtech-2024-website/app/public/wp-content/advanced-cache.php on line 22
[06-May-2024 21:30:52 UTC] PHP Warning:  include(/Users/mattkim/Local Sites/team-tech/app/public/wp-content/plugins/wp-super-cache/wp-cache-base.php): Failed to open stream: No such file or directory in /Users/mattkim/Local Sites/teamtech-2024-website/app/public/wp-content/plugins/wp-super-cache/wp-cache.php on line 136
[06-May-2024 21:30:52 UTC] PHP Warning:  include(): Failed opening '/Users/mattkim/Local Sites/team-tech/app/public/wp-content/plugins/wp-super-cache/wp-cache-base.php' for inclusion (include_path='.:/usr/share/php:/www/wp-content/pear') in /Users/mattkim/Local Sites/teamtech-2024-website/app/public/wp-content/plugins/wp-super-cache/wp-cache.php on line 136
[06-May-2024 21:30:52 UTC] PHP Warning:  include_once(/Users/mattkim/Local Sites/team-tech/app/public/wp-content/plugins/wp-super-cache/ossdl-cdn.php): Failed to open stream: No such file or directory in /Users/mattkim/Local Sites/teamtech-2024-website/app/public/wp-content/plugins/wp-super-cache/wp-cache.php on line 173
[06-May-2024 21:30:52 UTC] PHP Warning:  include_once(): Failed opening '/Users/mattkim/Local Sites/team-tech/app/public/wp-content/plugins/wp-super-cache/ossdl-cdn.php' for inclusion (include_path='.:/usr/share/php:/www/wp-content/pear') in /Users/mattkim/Local Sites/teamtech-2024-website/app/public/wp-content/plugins/wp-super-cache/wp-cache.php on line 173
[06-May-2024 21:30:52 UTC] PHP Warning:  include(/Users/mattkim/Local Sites/team-tech/app/public/wp-content/plugins/wp-super-cache/wp-cache-base.php): Failed to open stream: No such file or directory in /Users/mattkim/Local Sites/teamtech-2024-website/app/public/wp-content/plugins/wp-super-cache/wp-cache.php on line 136
[06-May-2024 21:30:52 UTC] PHP Warning:  include(): Failed opening '/Users/mattkim/Local Sites/team-tech/app/public/wp-content/plugins/wp-super-cache/wp-cache-base.php' for inclusion (include_path='.:/usr/share/php:/www/wp-content/pear') in /Users/mattkim/Local Sites/teamtech-2024-website/app/public/wp-content/plugins/wp-super-cache/wp-cache.php on line 136
[06-May-2024 21:30:52 UTC] PHP Warning:  include_once(/Users/mattkim/Local Sites/team-tech/app/public/wp-content/plugins/wp-super-cache/ossdl-cdn.php): Failed to open stream: No such file or directory in /Users/mattkim/Local Sites/teamtech-2024-website/app/public/wp-content/plugins/wp-super-cache/wp-cache.php on line 173
[06-May-2024 21:30:52 UTC] PHP Warning:  include_once(): Failed opening '/Users/mattkim/Local Sites/team-tech/app/public/wp-content/plugins/wp-super-cache/ossdl-cdn.php' for inclusion (include_path='.:/usr/share/php:/www/wp-content/pear') in /Users/mattkim/Local Sites/teamtech-2024-website/app/public/wp-content/plugins/wp-super-cache/wp-cache.php on line 173
[06-May-2024 21:30:53 UTC] PHP Warning:  include_once(/Users/mattkim/Local Sites/team-tech/app/public/wp-content/plugins/wp-super-cache/wp-cache-phase1.php): Failed to open stream: No such file or directory in /Users/mattkim/Local Sites/teamtech-2024-website/app/public/wp-content/advanced-cache.php on line 22
[06-May-2024 21:30:53 UTC] PHP Warning:  include_once(): Failed opening '/Users/mattkim/Local Sites/team-tech/app/public/wp-content/plugins/wp-super-cache/wp-cache-phase1.php' for inclusion (include_path='.:/usr/share/php:/www/wp-content/pear') in /Users/mattkim/Local Sites/teamtech-2024-website/app/public/wp-content/advanced-cache.php on line 22
[06-May-2024 21:30:53 UTC] PHP Warning:  include(/Users/mattkim/Local Sites/team-tech/app/public/wp-content/plugins/wp-super-cache/wp-cache-base.php): Failed to open stream: No such file or directory in /Users/mattkim/Local Sites/teamtech-2024-website/app/public/wp-content/plugins/wp-super-cache/wp-cache.php on line 136
[06-May-2024 21:30:53 UTC] PHP Warning:  include(): Failed opening '/Users/mattkim/Local Sites/team-tech/app/public/wp-content/plugins/wp-super-cache/wp-cache-base.php' for inclusion (include_path='.:/usr/share/php:/www/wp-content/pear') in /Users/mattkim/Local Sites/teamtech-2024-website/app/public/wp-content/plugins/wp-super-cache/wp-cache.php on line 136
[06-May-2024 21:30:53 UTC] PHP Warning:  include_once(/Users/mattkim/Local Sites/team-tech/app/public/wp-content/plugins/wp-super-cache/ossdl-cdn.php): Failed to open stream: No such file or directory in /Users/mattkim/Local Sites/teamtech-2024-website/app/public/wp-content/plugins/wp-super-cache/wp-cache.php on line 173
[06-May-2024 21:30:53 UTC] PHP Warning:  include_once(): Failed opening '/Users/mattkim/Local Sites/team-tech/app/public/wp-content/plugins/wp-super-cache/ossdl-cdn.php' for inclusion (include_path='.:/usr/share/php:/www/wp-content/pear') in /Users/mattkim/Local Sites/teamtech-2024-website/app/public/wp-content/plugins/wp-super-cache/wp-cache.php on line 173
[06-May-2024 21:30:53 UTC] PHP Warning:  include_once(/Users/mattkim/Local Sites/team-tech/app/public/wp-content/plugins/wp-super-cache/wp-cache-phase1.php): Failed to open stream: No such file or directory in /Users/mattkim/Local Sites/teamtech-2024-website/app/public/wp-content/advanced-cache.php on line 22
[06-May-2024 21:30:53 UTC] PHP Warning:  include_once(): Failed opening '/Users/mattkim/Local Sites/team-tech/app/public/wp-content/plugins/wp-super-cache/wp-cache-phase1.php' for inclusion (include_path='.:/usr/share/php:/www/wp-content/pear') in /Users/mattkim/Local Sites/teamtech-2024-website/app/public/wp-content/advanced-cache.php on line 22
[06-May-2024 21:30:53 UTC] PHP Warning:  include(/Users/mattkim/Local Sites/team-tech/app/public/wp-content/plugins/wp-super-cache/wp-cache-base.php): Failed to open stream: No such file or directory in /Users/mattkim/Local Sites/teamtech-2024-website/app/public/wp-content/plugins/wp-super-cache/wp-cache.php on line 136
[06-May-2024 21:30:53 UTC] PHP Warning:  include(): Failed opening '/Users/mattkim/Local Sites/team-tech/app/public/wp-content/plugins/wp-super-cache/wp-cache-base.php' for inclusion (include_path='.:/usr/share/php:/www/wp-content/pear') in /Users/mattkim/Local Sites/teamtech-2024-website/app/public/wp-content/plugins/wp-super-cache/wp-cache.php on line 136
[06-May-2024 21:30:53 UTC] PHP Warning:  include_once(/Users/mattkim/Local Sites/team-tech/app/public/wp-content/plugins/wp-super-cache/ossdl-cdn.php): Failed to open stream: No such file or directory in /Users/mattkim/Local Sites/teamtech-2024-website/app/public/wp-content/plugins/wp-super-cache/wp-cache.php on line 173
[06-May-2024 21:30:53 UTC] PHP Warning:  include_once(): Failed opening '/Users/mattkim/Local Sites/team-tech/app/public/wp-content/plugins/wp-super-cache/ossdl-cdn.php' for inclusion (include_path='.:/usr/share/php:/www/wp-content/pear') in /Users/mattkim/Local Sites/teamtech-2024-website/app/public/wp-content/plugins/wp-super-cache/wp-cache.php on line 173
[06-May-2024 21:30:53 UTC] PHP Warning:  include_once(/Users/mattkim/Local Sites/team-tech/app/public/wp-content/plugins/wp-super-cache/wp-cache-phase1.php): Failed to open stream: No such file or directory in /Users/mattkim/Local Sites/teamtech-2024-website/app/public/wp-content/advanced-cache.php on line 22
[06-May-2024 21:30:53 UTC] PHP Warning:  include_once(): Failed opening '/Users/mattkim/Local Sites/team-tech/app/public/wp-content/plugins/wp-super-cache/wp-cache-phase1.php' for inclusion (include_path='.:/usr/share/php:/www/wp-content/pear') in /Users/mattkim/Local Sites/teamtech-2024-website/app/public/wp-content/advanced-cache.php on line 22
[06-May-2024 21:30:53 UTC] PHP Warning:  include(/Users/mattkim/Local Sites/team-tech/app/public/wp-content/plugins/wp-super-cache/wp-cache-base.php): Failed to open stream: No such file or directory in /Users/mattkim/Local Sites/teamtech-2024-website/app/public/wp-content/plugins/wp-super-cache/wp-cache.php on line 136
[06-May-2024 21:30:53 UTC] PHP Warning:  include(): Failed opening '/Users/mattkim/Local Sites/team-tech/app/public/wp-content/plugins/wp-super-cache/wp-cache-base.php' for inclusion (include_path='.:/usr/share/php:/www/wp-content/pear') in /Users/mattkim/Local Sites/teamtech-2024-website/app/public/wp-content/plugins/wp-super-cache/wp-cache.php on line 136
[06-May-2024 21:30:53 UTC] PHP Warning:  include_once(/Users/mattkim/Local Sites/team-tech/app/public/wp-content/plugins/wp-super-cache/ossdl-cdn.php): Failed to open stream: No such file or directory in /Users/mattkim/Local Sites/teamtech-2024-website/app/public/wp-content/plugins/wp-super-cache/wp-cache.php on line 173
[06-May-2024 21:30:53 UTC] PHP Warning:  include_once(): Failed opening '/Users/mattkim/Local Sites/team-tech/app/public/wp-content/plugins/wp-super-cache/ossdl-cdn.php' for inclusion (include_path='.:/usr/share/php:/www/wp-content/pear') in /Users/mattkim/Local Sites/teamtech-2024-website/app/public/wp-content/plugins/wp-super-cache/wp-cache.php on line 173
[06-May-2024 21:30:53 UTC] PHP Warning:  include_once(/Users/mattkim/Local Sites/team-tech/app/public/wp-content/plugins/wp-super-cache/wp-cache-phase1.php): Failed to open stream: No such file or directory in /Users/mattkim/Local Sites/teamtech-2024-website/app/public/wp-content/advanced-cache.php on line 22
[06-May-2024 21:30:53 UTC] PHP Warning:  include_once(): Failed opening '/Users/mattkim/Local Sites/team-tech/app/public/wp-content/plugins/wp-super-cache/wp-cache-phase1.php' for inclusion (include_path='.:/usr/share/php:/www/wp-content/pear') in /Users/mattkim/Local Sites/teamtech-2024-website/app/public/wp-content/advanced-cache.php on line 22
[06-May-2024 21:30:53 UTC] PHP Warning:  include(/Users/mattkim/Local Sites/team-tech/app/public/wp-content/plugins/wp-super-cache/wp-cache-base.php): Failed to open stream: No such file or directory in /Users/mattkim/Local Sites/teamtech-2024-website/app/public/wp-content/plugins/wp-super-cache/wp-cache.php on line 136
[06-May-2024 21:30:53 UTC] PHP Warning:  include(): Failed opening '/Users/mattkim/Local Sites/team-tech/app/public/wp-content/plugins/wp-super-cache/wp-cache-base.php' for inclusion (include_path='.:/usr/share/php:/www/wp-content/pear') in /Users/mattkim/Local Sites/teamtech-2024-website/app/public/wp-content/plugins/wp-super-cache/wp-cache.php on line 136
[06-May-2024 21:30:53 UTC] PHP Warning:  include_once(/Users/mattkim/Local Sites/team-tech/app/public/wp-content/plugins/wp-super-cache/ossdl-cdn.php): Failed to open stream: No such file or directory in /Users/mattkim/Local Sites/teamtech-2024-website/app/public/wp-content/plugins/wp-super-cache/wp-cache.php on line 173
[06-May-2024 21:30:53 UTC] PHP Warning:  include_once(): Failed opening '/Users/mattkim/Local Sites/team-tech/app/public/wp-content/plugins/wp-super-cache/ossdl-cdn.php' for inclusion (include_path='.:/usr/share/php:/www/wp-content/pear') in /Users/mattkim/Local Sites/teamtech-2024-website/app/public/wp-content/plugins/wp-super-cache/wp-cache.php on line 173
[06-May-2024 21:31:03 UTC] PHP Warning:  include_once(/Users/mattkim/Local Sites/team-tech/app/public/wp-content/plugins/wp-super-cache/wp-cache-phase1.php): Failed to open stream: No such file or directory in /Users/mattkim/Local Sites/teamtech-2024-website/app/public/wp-content/advanced-cache.php on line 22
[06-May-2024 21:31:03 UTC] PHP Warning:  include_once(): Failed opening '/Users/mattkim/Local Sites/team-tech/app/public/wp-content/plugins/wp-super-cache/wp-cache-phase1.php' for inclusion (include_path='.:/usr/share/php:/www/wp-content/pear') in /Users/mattkim/Local Sites/teamtech-2024-website/app/public/wp-content/advanced-cache.php on line 22
[06-May-2024 21:31:03 UTC] PHP Warning:  include(/Users/mattkim/Local Sites/team-tech/app/public/wp-content/plugins/wp-super-cache/wp-cache-base.php): Failed to open stream: No such file or directory in /Users/mattkim/Local Sites/teamtech-2024-website/app/public/wp-content/plugins/wp-super-cache/wp-cache.php on line 136
[06-May-2024 21:31:03 UTC] PHP Warning:  include(): Failed opening '/Users/mattkim/Local Sites/team-tech/app/public/wp-content/plugins/wp-super-cache/wp-cache-base.php' for inclusion (include_path='.:/usr/share/php:/www/wp-content/pear') in /Users/mattkim/Local Sites/teamtech-2024-website/app/public/wp-content/plugins/wp-super-cache/wp-cache.php on line 136
[06-May-2024 21:31:03 UTC] PHP Warning:  include_once(/Users/mattkim/Local Sites/team-tech/app/public/wp-content/plugins/wp-super-cache/ossdl-cdn.php): Failed to open stream: No such file or directory in /Users/mattkim/Local Sites/teamtech-2024-website/app/public/wp-content/plugins/wp-super-cache/wp-cache.php on line 173
[06-May-2024 21:31:03 UTC] PHP Warning:  include_once(): Failed opening '/Users/mattkim/Local Sites/team-tech/app/public/wp-content/plugins/wp-super-cache/ossdl-cdn.php' for inclusion (include_path='.:/usr/share/php:/www/wp-content/pear') in /Users/mattkim/Local Sites/teamtech-2024-website/app/public/wp-content/plugins/wp-super-cache/wp-cache.php on line 173
[06-May-2024 21:31:03 UTC] PHP Warning:  include_once(/Users/mattkim/Local Sites/team-tech/app/public/wp-content/plugins/wp-super-cache/wp-cache-phase1.php): Failed to open stream: No such file or directory in /Users/mattkim/Local Sites/teamtech-2024-website/app/public/wp-content/advanced-cache.php on line 22
[06-May-2024 21:31:03 UTC] PHP Warning:  include_once(): Failed opening '/Users/mattkim/Local Sites/team-tech/app/public/wp-content/plugins/wp-super-cache/wp-cache-phase1.php' for inclusion (include_path='.:/usr/share/php:/www/wp-content/pear') in /Users/mattkim/Local Sites/teamtech-2024-website/app/public/wp-content/advanced-cache.php on line 22
[06-May-2024 21:31:03 UTC] PHP Warning:  include(/Users/mattkim/Local Sites/team-tech/app/public/wp-content/plugins/wp-super-cache/wp-cache-base.php): Failed to open stream: No such file or directory in /Users/mattkim/Local Sites/teamtech-2024-website/app/public/wp-content/plugins/wp-super-cache/wp-cache.php on line 136
[06-May-2024 21:31:03 UTC] PHP Warning:  include(): Failed opening '/Users/mattkim/Local Sites/team-tech/app/public/wp-content/plugins/wp-super-cache/wp-cache-base.php' for inclusion (include_path='.:/usr/share/php:/www/wp-content/pear') in /Users/mattkim/Local Sites/teamtech-2024-website/app/public/wp-content/plugins/wp-super-cache/wp-cache.php on line 136
[06-May-2024 21:31:03 UTC] PHP Warning:  include_once(/Users/mattkim/Local Sites/team-tech/app/public/wp-content/plugins/wp-super-cache/ossdl-cdn.php): Failed to open stream: No such file or directory in /Users/mattkim/Local Sites/teamtech-2024-website/app/public/wp-content/plugins/wp-super-cache/wp-cache.php on line 173
[06-May-2024 21:31:03 UTC] PHP Warning:  include_once(): Failed opening '/Users/mattkim/Local Sites/team-tech/app/public/wp-content/plugins/wp-super-cache/ossdl-cdn.php' for inclusion (include_path='.:/usr/share/php:/www/wp-content/pear') in /Users/mattkim/Local Sites/teamtech-2024-website/app/public/wp-content/plugins/wp-super-cache/wp-cache.php on line 173
